<?xml version="1.0" encoding="UTF-8"?>
<coverage generated="1743031460">
  <project timestamp="1743031460">
    <file name="/usr/src/src/Kernel.php">
      <class name="App\Kernel" namespace="global">
        <metrics complexity="0" methods="0" coveredmethods="0" conditionals="0" coveredconditionals="0" statements="0" coveredstatements="0" elements="0" coveredelements="0"/>
      </class>
      <metrics loc="12" ncloc="12" classes="0" methods="0" coveredmethods="0" conditionals="0" coveredconditionals="0" statements="0" coveredstatements="0" elements="0" coveredelements="0"/>
    </file>
    <file name="/usr/src/src/Shared/Domain/Bus/Command/Command.php">
      <metrics loc="8" ncloc="8" classes="0" methods="0" coveredmethods="0" conditionals="0" coveredconditionals="0" statements="0" coveredstatements="0" elements="0" coveredelements="0"/>
    </file>
    <file name="/usr/src/src/Shared/Domain/Bus/Command/CommandBus.php">
      <metrics loc="9" ncloc="9" classes="0" methods="0" coveredmethods="0" conditionals="0" coveredconditionals="0" statements="0" coveredstatements="0" elements="0" coveredelements="0"/>
    </file>
    <file name="/usr/src/src/Shared/Domain/Bus/Command/CommandHandler.php">
      <metrics loc="8" ncloc="8" classes="0" methods="0" coveredmethods="0" conditionals="0" coveredconditionals="0" statements="0" coveredstatements="0" elements="0" coveredelements="0"/>
    </file>
    <file name="/usr/src/src/Shared/Domain/Bus/Query/Query.php">
      <metrics loc="8" ncloc="8" classes="0" methods="0" coveredmethods="0" conditionals="0" coveredconditionals="0" statements="0" coveredstatements="0" elements="0" coveredelements="0"/>
    </file>
    <file name="/usr/src/src/Shared/Domain/Bus/Query/QueryBus.php">
      <metrics loc="9" ncloc="9" classes="0" methods="0" coveredmethods="0" conditionals="0" coveredconditionals="0" statements="0" coveredstatements="0" elements="0" coveredelements="0"/>
    </file>
    <file name="/usr/src/src/Shared/Domain/Bus/Query/QueryHandler.php">
      <class name="App\Shared\Domain\Bus\Query\QueryHandler" namespace="global">
        <metrics complexity="1" methods="1" coveredmethods="0" conditionals="1" coveredconditionals="0" statements="1" coveredstatements="0" elements="3" coveredelements="0"/>
      </class>
      <line num="7" type="method" name="__invoke" visibility="public" complexity="1" crap="2" count="0"/>
      <line num="9" type="stmt" count="0"/>
      <metrics loc="14" ncloc="14" classes="1" methods="1" coveredmethods="0" conditionals="1" coveredconditionals="0" statements="1" coveredstatements="0" elements="3" coveredelements="0"/>
    </file>
    <file name="/usr/src/src/Shared/Domain/Bus/Query/QueryResponse.php">
      <metrics loc="8" ncloc="8" classes="0" methods="0" coveredmethods="0" conditionals="0" coveredconditionals="0" statements="0" coveredstatements="0" elements="0" coveredelements="0"/>
    </file>
    <file name="/usr/src/src/Shared/Domain/Collection.php">
      <class name="App\Shared\Domain\Collection" namespace="global">
        <metrics complexity="9" methods="6" coveredmethods="2" conditionals="13" coveredconditionals="9" statements="10" coveredstatements="6" elements="29" coveredelements="17"/>
      </class>
      <line num="16" type="method" name="__construct" visibility="public" complexity="4" crap="12.19" count="1"/>
      <line num="18" type="stmt" count="1"/>
      <line num="19" type="stmt" count="1"/>
      <line num="20" type="stmt" count="1"/>
      <line num="21" type="stmt" count="0"/>
      <line num="26" type="stmt" count="1"/>
      <line num="31" type="method" name="getCollection" visibility="public" complexity="1" crap="2" count="0"/>
      <line num="33" type="stmt" count="0"/>
      <line num="36" type="method" name="getIterator" visibility="public" complexity="1" crap="1" count="1"/>
      <line num="38" type="stmt" count="1"/>
      <line num="41" type="method" name="count" visibility="public" complexity="1" crap="2" count="0"/>
      <line num="43" type="stmt" count="0"/>
      <line num="46" type="method" name="items" visibility="protected" complexity="1" crap="1" count="1"/>
      <line num="48" type="stmt" count="1"/>
      <line num="51" type="method" name="add" visibility="public" complexity="1" crap="2" count="0"/>
      <line num="53" type="stmt" count="0"/>
      <metrics loc="55" ncloc="52" classes="1" methods="6" coveredmethods="2" conditionals="13" coveredconditionals="9" statements="10" coveredstatements="6" elements="29" coveredelements="17"/>
    </file>
    <file name="/usr/src/src/Shared/Domain/DomainError.php">
      <class name="App\Shared\Domain\DomainError" namespace="global">
        <metrics complexity="1" methods="1" coveredmethods="0" conditionals="1" coveredconditionals="0" statements="1" coveredstatements="0" elements="3" coveredelements="0"/>
      </class>
      <line num="9" type="method" name="__construct" visibility="public" complexity="1" crap="2" count="0"/>
      <line num="11" type="stmt" count="0"/>
      <metrics loc="17" ncloc="17" classes="1" methods="1" coveredmethods="0" conditionals="1" coveredconditionals="0" statements="1" coveredstatements="0" elements="3" coveredelements="0"/>
    </file>
    <file name="/usr/src/src/Shared/Domain/InvalidCollectionObjectException.php">
      <class name="App\Shared\Domain\InvalidCollectionObjectException" namespace="global">
        <metrics complexity="1" methods="1" coveredmethods="1" conditionals="1" coveredconditionals="1" statements="3" coveredstatements="3" elements="5" coveredelements="5"/>
      </class>
      <line num="12" type="method" name="__construct" visibility="public" complexity="1" crap="1" count="1"/>
      <line num="14" type="stmt" count="1"/>
      <line num="15" type="stmt" count="1"/>
      <line num="16" type="stmt" count="1"/>
      <metrics loc="18" ncloc="14" classes="1" methods="1" coveredmethods="1" conditionals="1" coveredconditionals="1" statements="3" coveredstatements="3" elements="5" coveredelements="5"/>
    </file>
    <file name="/usr/src/src/Shared/Domain/ValueObject/FloatValueObject.php">
      <class name="App\Shared\Domain\ValueObject\FloatValueObject" namespace="global">
        <metrics complexity="3" methods="3" coveredmethods="2" conditionals="3" coveredconditionals="2" statements="3" coveredstatements="2" elements="9" coveredelements="6"/>
      </class>
      <line num="8" type="method" name="__construct" visibility="public" complexity="1" crap="1" count="2"/>
      <line num="10" type="stmt" count="2"/>
      <line num="13" type="method" name="value" visibility="public" complexity="1" crap="1" count="1"/>
      <line num="15" type="stmt" count="1"/>
      <line num="18" type="method" name="isBiggerThan" visibility="public" complexity="1" crap="2" count="0"/>
      <line num="20" type="stmt" count="0"/>
      <metrics loc="23" ncloc="23" classes="1" methods="3" coveredmethods="2" conditionals="3" coveredconditionals="2" statements="3" coveredstatements="2" elements="9" coveredelements="6"/>
    </file>
    <file name="/usr/src/src/Shared/Domain/ValueObject/IntValueObject.php">
      <class name="App\Shared\Domain\ValueObject\IntValueObject" namespace="global">
        <metrics complexity="3" methods="3" coveredmethods="2" conditionals="3" coveredconditionals="2" statements="3" coveredstatements="2" elements="9" coveredelements="6"/>
      </class>
      <line num="9" type="method" name="__construct" visibility="public" complexity="1" crap="1" count="2"/>
      <line num="11" type="stmt" count="2"/>
      <line num="14" type="method" name="value" visibility="public" complexity="1" crap="1" count="1"/>
      <line num="16" type="stmt" count="1"/>
      <line num="19" type="method" name="isBiggerThan" visibility="public" complexity="1" crap="2" count="0"/>
      <line num="21" type="stmt" count="0"/>
      <metrics loc="24" ncloc="24" classes="1" methods="3" coveredmethods="2" conditionals="3" coveredconditionals="2" statements="3" coveredstatements="2" elements="9" coveredelements="6"/>
    </file>
    <file name="/usr/src/src/Shared/Domain/ValueObject/StringValueObject.php">
      <class name="App\Shared\Domain\ValueObject\StringValueObject" namespace="global">
        <metrics complexity="2" methods="2" coveredmethods="2" conditionals="2" coveredconditionals="2" statements="2" coveredstatements="2" elements="6" coveredelements="6"/>
      </class>
      <line num="9" type="method" name="__construct" visibility="public" complexity="1" crap="1" count="2"/>
      <line num="11" type="stmt" count="2"/>
      <line num="14" type="method" name="value" visibility="public" complexity="1" crap="1" count="1"/>
      <line num="16" type="stmt" count="1"/>
      <metrics loc="19" ncloc="19" classes="1" methods="2" coveredmethods="2" conditionals="2" coveredconditionals="2" statements="2" coveredstatements="2" elements="6" coveredelements="6"/>
    </file>
    <file name="/usr/src/src/Shared/Infrastructure/Bus/Command/InMemoryCommandBus.php">
      <class name="App\Shared\Infrastructure\Bus\Command\InMemoryCommandBus" namespace="global">
        <metrics complexity="4" methods="2" coveredmethods="0" conditionals="7" coveredconditionals="0" statements="12" coveredstatements="0" elements="21" coveredelements="0"/>
      </class>
      <line num="24" type="method" name="__construct" visibility="public" complexity="1" crap="2" count="0"/>
      <line num="27" type="stmt" count="0"/>
      <line num="28" type="stmt" count="0"/>
      <line num="29" type="stmt" count="0"/>
      <line num="30" type="stmt" count="0"/>
      <line num="31" type="stmt" count="0"/>
      <line num="32" type="stmt" count="0"/>
      <line num="33" type="stmt" count="0"/>
      <line num="39" type="method" name="dispatch" visibility="public" complexity="3" crap="12" count="0"/>
      <line num="42" type="stmt" count="0"/>
      <line num="43" type="stmt" count="0"/>
      <line num="44" type="stmt" count="0"/>
      <line num="45" type="stmt" count="0"/>
      <line num="46" type="stmt" count="0"/>
      <metrics loc="49" ncloc="43" classes="1" methods="2" coveredmethods="0" conditionals="7" coveredconditionals="0" statements="12" coveredstatements="0" elements="21" coveredelements="0"/>
    </file>
    <file name="/usr/src/src/Shared/Infrastructure/Bus/HandlerBuilder.php">
      <class name="App\Shared\Infrastructure\Bus\HandlerBuilder" namespace="global">
        <metrics complexity="5" methods="2" coveredmethods="0" conditionals="9" coveredconditionals="0" statements="12" coveredstatements="0" elements="23" coveredelements="0"/>
      </class>
      <line num="15" type="method" name="fromCallables" visibility="public" complexity="3" crap="12" count="0"/>
      <line num="17" type="stmt" count="0"/>
      <line num="19" type="stmt" count="0"/>
      <line num="20" type="stmt" count="0"/>
      <line num="22" type="stmt" count="0"/>
      <line num="23" type="stmt" count="0"/>
      <line num="26" type="stmt" count="0"/>
      <line num="29" type="stmt" count="0"/>
      <line num="35" type="method" name="extractFirstParam" visibility="private" complexity="2" crap="6" count="0"/>
      <line num="37" type="stmt" count="0"/>
      <line num="38" type="stmt" count="0"/>
      <line num="40" type="stmt" count="0"/>
      <line num="41" type="stmt" count="0"/>
      <line num="44" type="stmt" count="0"/>
      <metrics loc="46" ncloc="40" classes="1" methods="2" coveredmethods="0" conditionals="9" coveredconditionals="0" statements="12" coveredstatements="0" elements="23" coveredelements="0"/>
    </file>
    <file name="/usr/src/src/Shared/Infrastructure/Bus/Query/InMemoryQueryBus.php">
      <class name="App\Shared\Infrastructure\Bus\Query\InMemoryQueryBus" namespace="global">
        <metrics complexity="3" methods="2" coveredmethods="0" conditionals="4" coveredconditionals="0" statements="11" coveredstatements="0" elements="17" coveredelements="0"/>
      </class>
      <line num="22" type="method" name="__construct" visibility="public" complexity="1" crap="2" count="0"/>
      <line num="24" type="stmt" count="0"/>
      <line num="25" type="stmt" count="0"/>
      <line num="26" type="stmt" count="0"/>
      <line num="27" type="stmt" count="0"/>
      <line num="28" type="stmt" count="0"/>
      <line num="29" type="stmt" count="0"/>
      <line num="30" type="stmt" count="0"/>
      <line num="33" type="method" name="handle" visibility="public" complexity="2" crap="6" count="0"/>
      <line num="37" type="stmt" count="0"/>
      <line num="39" type="stmt" count="0"/>
      <line num="40" type="stmt" count="0"/>
      <line num="41" type="stmt" count="0"/>
      <metrics loc="45" ncloc="44" classes="1" methods="2" coveredmethods="0" conditionals="4" coveredconditionals="0" statements="11" coveredstatements="0" elements="17" coveredelements="0"/>
    </file>
    <file name="/usr/src/src/Shared/Infrastructure/Persistence/MySql/MySqlRepository.php">
      <class name="App\Shared\Infrastructure\Persistence\MySql\MySqlRepository" namespace="global">
        <metrics complexity="4" methods="2" coveredmethods="0" conditionals="6" coveredconditionals="0" statements="12" coveredstatements="0" elements="20" coveredelements="0"/>
      </class>
      <line num="12" type="method" name="__construct" visibility="public" complexity="1" crap="2" count="0"/>
      <line num="14" type="stmt" count="0"/>
      <line num="17" type="method" name="getClient" visibility="public" complexity="3" crap="12" count="0"/>
      <line num="19" type="stmt" count="0"/>
      <line num="20" type="stmt" count="0"/>
      <line num="21" type="stmt" count="0"/>
      <line num="22" type="stmt" count="0"/>
      <line num="23" type="stmt" count="0"/>
      <line num="24" type="stmt" count="0"/>
      <line num="25" type="stmt" count="0"/>
      <line num="27" type="stmt" count="0"/>
      <line num="28" type="stmt" count="0"/>
      <line num="29" type="stmt" count="0"/>
      <line num="33" type="stmt" count="0"/>
      <metrics loc="35" ncloc="35" classes="1" methods="2" coveredmethods="0" conditionals="6" coveredconditionals="0" statements="12" coveredstatements="0" elements="20" coveredelements="0"/>
    </file>
    <file name="/usr/src/src/VendingMachine/Application/Query/Product/GetProducts/GetProducts.php">
      <class name="App\VendingMachine\Application\Query\Product\GetProducts\GetProducts" namespace="global">
        <metrics complexity="2" methods="2" coveredmethods="2" conditionals="2" coveredconditionals="2" statements="2" coveredstatements="2" elements="6" coveredelements="6"/>
      </class>
      <line num="13" type="method" name="__construct" visibility="public" complexity="1" crap="1" count="2"/>
      <line num="15" type="stmt" count="2"/>
      <line num="21" type="method" name="handle" visibility="public" complexity="1" crap="1" count="2"/>
      <line num="23" type="stmt" count="2"/>
      <metrics loc="26" ncloc="22" classes="1" methods="2" coveredmethods="2" conditionals="2" coveredconditionals="2" statements="2" coveredstatements="2" elements="6" coveredelements="6"/>
    </file>
    <file name="/usr/src/src/VendingMachine/Application/Query/Product/GetProducts/GetProductsQuery.php">
      <class name="App\VendingMachine\Application\Query\Product\GetProducts\GetProductsQuery" namespace="global">
        <metrics complexity="1" methods="1" coveredmethods="1" conditionals="1" coveredconditionals="1" statements="1" coveredstatements="1" elements="3" coveredelements="3"/>
      </class>
      <line num="9" type="method" name="__construct" visibility="public" complexity="1" crap="1" count="2"/>
      <line num="11" type="stmt" count="2"/>
      <metrics loc="12" ncloc="12" classes="1" methods="1" coveredmethods="1" conditionals="1" coveredconditionals="1" statements="1" coveredstatements="1" elements="3" coveredelements="3"/>
    </file>
    <file name="/usr/src/src/VendingMachine/Application/Query/Product/GetProducts/GetProductsResponse.php">
      <class name="App\VendingMachine\Application\Query\Product\GetProducts\GetProductsResponse" namespace="global">
        <metrics complexity="7" methods="5" coveredmethods="4" conditionals="11" coveredconditionals="7" statements="14" coveredstatements="10" elements="30" coveredelements="21"/>
      </class>
      <line num="11" type="method" name="__construct" visibility="public" complexity="1" crap="1" count="1"/>
      <line num="13" type="stmt" count="1"/>
      <line num="15" type="method" name="build" visibility="public" complexity="1" crap="1" count="1"/>
      <line num="17" type="stmt" count="1"/>
      <line num="20" type="method" name="toArray" visibility="public" complexity="2" crap="6" count="0"/>
      <line num="22" type="stmt" count="0"/>
      <line num="25" type="stmt" count="0"/>
      <line num="26" type="stmt" count="0"/>
      <line num="29" type="stmt" count="0"/>
      <line num="32" type="method" name="report" visibility="public" complexity="2" crap="3.19" count="1"/>
      <line num="34" type="stmt" count="1"/>
      <line num="35" type="stmt" count="1"/>
      <line num="38" type="stmt" count="1"/>
      <line num="39" type="stmt" count="1"/>
      <line num="40" type="stmt" count="1"/>
      <line num="41" type="stmt" count="1"/>
      <line num="44" type="stmt" count="1"/>
      <line num="47" type="method" name="format" visibility="private" complexity="1" crap="1" count="1"/>
      <line num="49" type="stmt" count="1"/>
      <metrics loc="52" ncloc="50" classes="1" methods="5" coveredmethods="4" conditionals="11" coveredconditionals="7" statements="14" coveredstatements="10" elements="30" coveredelements="21"/>
    </file>
    <file name="/usr/src/src/VendingMachine/Domain/Product/Product.php">
      <class name="App\VendingMachine\Domain\Product\Product" namespace="global">
        <metrics complexity="8" methods="8" coveredmethods="6" conditionals="8" coveredconditionals="6" statements="17" coveredstatements="11" elements="33" coveredelements="23"/>
      </class>
      <line num="12" type="method" name="__construct" visibility="public" complexity="1" crap="1" count="2"/>
      <line num="19" type="stmt" count="2"/>
      <line num="28" type="method" name="create" visibility="public" complexity="1" crap="1" count="2"/>
      <line num="34" type="stmt" count="2"/>
      <line num="37" type="method" name="build" visibility="public" complexity="1" crap="1" count="2"/>
      <line num="39" type="stmt" count="2"/>
      <line num="40" type="stmt" count="2"/>
      <line num="41" type="stmt" count="2"/>
      <line num="42" type="stmt" count="2"/>
      <line num="43" type="stmt" count="2"/>
      <line num="44" type="stmt" count="2"/>
      <line num="47" type="method" name="id" visibility="public" complexity="1" crap="2" count="0"/>
      <line num="49" type="stmt" count="0"/>
      <line num="52" type="method" name="name" visibility="public" complexity="1" crap="1" count="1"/>
      <line num="54" type="stmt" count="1"/>
      <line num="57" type="method" name="price" visibility="public" complexity="1" crap="1" count="1"/>
      <line num="59" type="stmt" count="1"/>
      <line num="62" type="method" name="quantity" visibility="public" complexity="1" crap="1" count="1"/>
      <line num="64" type="stmt" count="1"/>
      <line num="67" type="method" name="toArray" visibility="public" complexity="1" crap="2" count="0"/>
      <line num="69" type="stmt" count="0"/>
      <line num="70" type="stmt" count="0"/>
      <line num="71" type="stmt" count="0"/>
      <line num="72" type="stmt" count="0"/>
      <line num="73" type="stmt" count="0"/>
      <metrics loc="76" ncloc="69" classes="1" methods="8" coveredmethods="6" conditionals="8" coveredconditionals="6" statements="17" coveredstatements="11" elements="33" coveredelements="23"/>
    </file>
    <file name="/usr/src/src/VendingMachine/Domain/Product/ProductCollection.php">
      <class name="App\VendingMachine\Domain\Product\ProductCollection" namespace="global">
        <metrics complexity="3" methods="3" coveredmethods="2" conditionals="3" coveredconditionals="2" statements="3" coveredstatements="2" elements="9" coveredelements="6"/>
      </class>
      <line num="10" type="method" name="type" visibility="protected" complexity="1" crap="1" count="1"/>
      <line num="12" type="stmt" count="1"/>
      <line num="18" type="method" name="init" visibility="public" complexity="1" crap="2" count="0"/>
      <line num="20" type="stmt" count="0"/>
      <line num="26" type="method" name="create" visibility="public" complexity="1" crap="1" count="1"/>
      <line num="28" type="stmt" count="1"/>
      <metrics loc="31" ncloc="25" classes="1" methods="3" coveredmethods="2" conditionals="3" coveredconditionals="2" statements="3" coveredstatements="2" elements="9" coveredelements="6"/>
    </file>
    <file name="/usr/src/src/VendingMachine/Domain/Product/ProductRepository.php">
      <metrics loc="13" ncloc="10" classes="0" methods="0" coveredmethods="0" conditionals="0" coveredconditionals="0" statements="0" coveredstatements="0" elements="0" coveredelements="0"/>
    </file>
    <file name="/usr/src/src/VendingMachine/Domain/Product/ValueObject/ProductId.php">
      <class name="App\VendingMachine\Domain\Product\ValueObject\ProductId" namespace="global">
        <metrics complexity="1" methods="1" coveredmethods="1" conditionals="1" coveredconditionals="1" statements="1" coveredstatements="1" elements="3" coveredelements="3"/>
      </class>
      <line num="13" type="method" name="build" visibility="public" complexity="1" crap="1" count="2"/>
      <line num="15" type="stmt" count="2"/>
      <metrics loc="18" ncloc="14" classes="1" methods="1" coveredmethods="1" conditionals="1" coveredconditionals="1" statements="1" coveredstatements="1" elements="3" coveredelements="3"/>
    </file>
    <file name="/usr/src/src/VendingMachine/Domain/Product/ValueObject/ProductName.php">
      <class name="App\VendingMachine\Domain\Product\ValueObject\ProductName" namespace="global">
        <metrics complexity="1" methods="1" coveredmethods="1" conditionals="1" coveredconditionals="1" statements="1" coveredstatements="1" elements="3" coveredelements="3"/>
      </class>
      <line num="13" type="method" name="build" visibility="public" complexity="1" crap="1" count="2"/>
      <line num="15" type="stmt" count="2"/>
      <metrics loc="18" ncloc="14" classes="1" methods="1" coveredmethods="1" conditionals="1" coveredconditionals="1" statements="1" coveredstatements="1" elements="3" coveredelements="3"/>
    </file>
    <file name="/usr/src/src/VendingMachine/Domain/Product/ValueObject/ProductPrice.php">
      <class name="App\VendingMachine\Domain\Product\ValueObject\ProductPrice" namespace="global">
        <metrics complexity="1" methods="1" coveredmethods="1" conditionals="1" coveredconditionals="1" statements="1" coveredstatements="1" elements="3" coveredelements="3"/>
      </class>
      <line num="13" type="method" name="build" visibility="public" complexity="1" crap="1" count="2"/>
      <line num="15" type="stmt" count="2"/>
      <metrics loc="18" ncloc="14" classes="1" methods="1" coveredmethods="1" conditionals="1" coveredconditionals="1" statements="1" coveredstatements="1" elements="3" coveredelements="3"/>
    </file>
    <file name="/usr/src/src/VendingMachine/Domain/Product/ValueObject/ProductQuantity.php">
      <class name="App\VendingMachine\Domain\Product\ValueObject\ProductQuantity" namespace="global">
        <metrics complexity="1" methods="1" coveredmethods="1" conditionals="1" coveredconditionals="1" statements="1" coveredstatements="1" elements="3" coveredelements="3"/>
      </class>
      <line num="13" type="method" name="build" visibility="public" complexity="1" crap="1" count="2"/>
      <line num="15" type="stmt" count="2"/>
      <metrics loc="18" ncloc="14" classes="1" methods="1" coveredmethods="1" conditionals="1" coveredconditionals="1" statements="1" coveredstatements="1" elements="3" coveredelements="3"/>
    </file>
    <file name="/usr/src/src/VendingMachine/Infrastructure/Console/ShowProductsCommand.php">
      <class name="App\VendingMachine\Infrastructure\Console\ShowProductsCommand" namespace="global">
        <metrics complexity="3" methods="2" coveredmethods="2" conditionals="5" coveredconditionals="5" statements="8" coveredstatements="8" elements="15" coveredelements="15"/>
      </class>
      <line num="17" type="method" name="__construct" visibility="public" complexity="1" crap="1" count="2"/>
      <line num="19" type="stmt" count="2"/>
      <line num="22" type="method" name="execute" visibility="protected" complexity="2" crap="2" count="2"/>
      <line num="25" type="stmt" count="2"/>
      <line num="28" type="stmt" count="2"/>
      <line num="30" type="stmt" count="1"/>
      <line num="31" type="stmt" count="1"/>
      <line num="32" type="stmt" count="1"/>
      <line num="33" type="stmt" count="1"/>
      <line num="36" type="stmt" count="1"/>
      <metrics loc="39" ncloc="38" classes="1" methods="2" coveredmethods="2" conditionals="5" coveredconditionals="5" statements="8" coveredstatements="8" elements="15" coveredelements="15"/>
    </file>
    <file name="/usr/src/src/VendingMachine/Infrastructure/Persistence/MySql/ProductRepositoryMySql.php">
      <class name="App\VendingMachine\Infrastructure\Persistence\MySql\ProductRepositoryMySql" namespace="global">
        <metrics complexity="7" methods="5" coveredmethods="0" conditionals="10" coveredconditionals="0" statements="20" coveredstatements="0" elements="35" coveredelements="0"/>
      </class>
      <line num="16" type="method" name="__construct" visibility="public" complexity="1" crap="2" count="0"/>
      <line num="18" type="stmt" count="0"/>
      <line num="21" type="method" name="build" visibility="public" complexity="1" crap="2" count="0"/>
      <line num="23" type="stmt" count="0"/>
      <line num="29" type="method" name="getAll" visibility="public" complexity="3" crap="12" count="0"/>
      <line num="31" type="stmt" count="0"/>
      <line num="32" type="stmt" count="0"/>
      <line num="34" type="stmt" count="0"/>
      <line num="36" type="stmt" count="0"/>
      <line num="37" type="stmt" count="0"/>
      <line num="38" type="stmt" count="0"/>
      <line num="42" type="stmt" count="0"/>
      <line num="45" type="method" name="toInfrastructure" visibility="private" complexity="1" crap="2" count="0"/>
      <line num="47" type="stmt" count="0"/>
      <line num="48" type="stmt" count="0"/>
      <line num="49" type="stmt" count="0"/>
      <line num="50" type="stmt" count="0"/>
      <line num="51" type="stmt" count="0"/>
      <line num="54" type="method" name="toDomain" visibility="private" complexity="1" crap="2" count="0"/>
      <line num="56" type="stmt" count="0"/>
      <line num="57" type="stmt" count="0"/>
      <line num="58" type="stmt" count="0"/>
      <line num="59" type="stmt" count="0"/>
      <line num="60" type="stmt" count="0"/>
      <line num="61" type="stmt" count="0"/>
      <metrics loc="64" ncloc="61" classes="1" methods="5" coveredmethods="0" conditionals="10" coveredconditionals="0" statements="20" coveredstatements="0" elements="35" coveredelements="0"/>
    </file>
    <metrics files="30" loc="792" ncloc="730" classes="22" methods="55" coveredmethods="30" conditionals="94" coveredconditionals="43" statements="139" coveredstatements="53" elements="288" coveredelements="126"/>
  </project>
</coverage>
